Build started 5/6/2017 1:34:43 PM.
     1>Project "c:\Users\hafizhamza\documents\visual studio 2010\Projects\Q36\Q36\Q36.vcxproj" on node 2 (build target(s)).
     1>InitializeBuildStatus:
         Creating "Debug\Q36.unsuccessfulbuild" because "AlwaysCreate" was specified.
       ClCompile:
         C:\Program Files (x86)\Microsoft Visual Studio 10.0\VC\bin\CL.exe /c /ZI /nologo /W3 /WX- /Od /Oy- /D _MBCS /Gm /EHsc /RTC1 /MDd /GS /fp:precise /Zc:wchar_t /Zc:forScope /Fo"Debug\\" /Fd"Debug\vc100.pdb" /Gd /TP /analyze- /errorReport:prompt Q36.cpp
         Q36.cpp
     1>c:\users\hafizhamza\documents\visual studio 2010\projects\q36\q36\q36.cpp(28): warning C4996: 'getch': The POSIX name for this item is deprecated. Instead, use the ISO C++ conformant name: _getch. See online help for details.
                 c:\program files (x86)\microsoft visual studio 10.0\vc\include\conio.h(128) : see declaration of 'getch'
     1>c:\users\hafizhamza\documents\visual studio 2010\projects\q36\q36\q36.cpp(17): warning C4715: 'namelen' : not all control paths return a value
       Link:
         C:\Program Files (x86)\Microsoft Visual Studio 10.0\VC\bin\link.exe /ERRORREPORT:PROMPT /OUT:"c:\users\hafizhamza\documents\visual studio 2010\Projects\Q36\Debug\Q36.exe" /NOLOGO kernel32.lib user32.lib gdi32.lib winspool.lib comdlg32.lib advapi32.lib shell32.lib ole32.lib oleaut32.lib uuid.lib odbc32.lib odbccp32.lib /MANIFEST /ManifestFile:"Debug\Q36.exe.intermediate.manifest" /MANIFESTUAC:"level='asInvoker' uiAccess='false'" /DEBUG /PDB:"c:\users\hafizhamza\documents\visual studio 2010\Projects\Q36\Debug\Q36.pdb" /TLBID:1 /DYNAMICBASE /NXCOMPAT /IMPLIB:"c:\users\hafizhamza\documents\visual studio 2010\Projects\Q36\Debug\Q36.lib" /MACHINE:X86 Debug\Q36.obj
         Q36.vcxproj -> c:\users\hafizhamza\documents\visual studio 2010\Projects\Q36\Debug\Q36.exe
       Manifest:
         C:\Program Files (x86)\Microsoft SDKs\Windows\v7.0A\bin\mt.exe /nologo /verbose /outputresource:"c:\users\hafizhamza\documents\visual studio 2010\Projects\Q36\Debug\Q36.exe;#1" /manifest Debug\Q36.exe.intermediate.manifest
       FinalizeBuildStatus:
         Deleting file "Debug\Q36.unsuccessfulbuild".
         Touching "Debug\Q36.lastbuildstate".
     1>Done Building Project "c:\Users\hafizhamza\documents\visual studio 2010\Projects\Q36\Q36\Q36.vcxproj" (build target(s)).

Build succeeded.

Time Elapsed 00:00:00.79
