Build started 5/5/2017 7:05:22 PM.
     1>Project "C:\Users\HafizHamza\documents\visual studio 2010\Projects\Q24\Q24\Q24.vcxproj" on node 2 (build target(s)).
     1>InitializeBuildStatus:
         Creating "Debug\Q24.unsuccessfulbuild" because "AlwaysCreate" was specified.
       ClCompile:
         C:\Program Files (x86)\Microsoft Visual Studio 10.0\VC\bin\CL.exe /c /ZI /nologo /W3 /WX- /Od /Oy- /D _MBCS /Gm /EHsc /RTC1 /MDd /GS /fp:precise /Zc:wchar_t /Zc:forScope /Fo"Debug\\" /Fd"Debug\vc100.pdb" /Gd /TP /analyze- /errorReport:prompt Q24.cpp
         Q24.cpp
     1>c:\users\hafizhamza\documents\visual studio 2010\projects\q24\q24\q24.cpp(66): warning C4996: 'getch': The POSIX name for this item is deprecated. Instead, use the ISO C++ conformant name: _getch. See online help for details.
                 c:\program files (x86)\microsoft visual studio 10.0\vc\include\conio.h(128) : see declaration of 'getch'
       Link:
         C:\Program Files (x86)\Microsoft Visual Studio 10.0\VC\bin\link.exe /ERRORREPORT:PROMPT /OUT:"C:\Users\HafizHamza\documents\visual studio 2010\Projects\Q24\Debug\Q24.exe" /NOLOGO kernel32.lib user32.lib gdi32.lib winspool.lib comdlg32.lib advapi32.lib shell32.lib ole32.lib oleaut32.lib uuid.lib odbc32.lib odbccp32.lib /MANIFEST /ManifestFile:"Debug\Q24.exe.intermediate.manifest" /MANIFESTUAC:"level='asInvoker' uiAccess='false'" /DEBUG /PDB:"C:\Users\HafizHamza\documents\visual studio 2010\Projects\Q24\Debug\Q24.pdb" /TLBID:1 /DYNAMICBASE /NXCOMPAT /IMPLIB:"C:\Users\HafizHamza\documents\visual studio 2010\Projects\Q24\Debug\Q24.lib" /MACHINE:X86 Debug\Q24.obj
         LINK : C:\Users\HafizHamza\documents\visual studio 2010\Projects\Q24\Debug\Q24.exe not found or not built by the last incremental link; performing full link
         Q24.vcxproj -> C:\Users\HafizHamza\documents\visual studio 2010\Projects\Q24\Debug\Q24.exe
       Manifest:
         C:\Program Files (x86)\Microsoft SDKs\Windows\v7.0A\bin\mt.exe /nologo /verbose /outputresource:"C:\Users\HafizHamza\documents\visual studio 2010\Projects\Q24\Debug\Q24.exe;#1" /manifest Debug\Q24.exe.intermediate.manifest
       FinalizeBuildStatus:
         Deleting file "Debug\Q24.unsuccessfulbuild".
         Touching "Debug\Q24.lastbuildstate".
     1>Done Building Project "C:\Users\HafizHamza\documents\visual studio 2010\Projects\Q24\Q24\Q24.vcxproj" (build target(s)).

Build succeeded.

Time Elapsed 00:00:00.84
