Build started 5/2/2017 11:29:41 PM.
     1>Project "c:\Users\hafizhamza\documents\visual studio 2010\Projects\Q23\Q23\Q23.vcxproj" on node 2 (build target(s)).
     1>InitializeBuildStatus:
         Creating "Debug\Q23.unsuccessfulbuild" because "AlwaysCreate" was specified.
       ClCompile:
         C:\Program Files (x86)\Microsoft Visual Studio 10.0\VC\bin\CL.exe /c /ZI /nologo /W3 /WX- /Od /Oy- /D _MBCS /Gm /EHsc /RTC1 /MDd /GS /fp:precise /Zc:wchar_t /Zc:forScope /Fo"Debug\\" /Fd"Debug\vc100.pdb" /Gd /TP /analyze- /errorReport:prompt Q23.cpp
         Q23.cpp
     1>c:\users\hafizhamza\documents\visual studio 2010\projects\q23\q23\q23.cpp(19): warning C4244: '=' : conversion from 'double' to 'float', possible loss of data
     1>c:\users\hafizhamza\documents\visual studio 2010\projects\q23\q23\q23.cpp(41): warning C4244: '=' : conversion from 'double' to 'float', possible loss of data
     1>c:\users\hafizhamza\documents\visual studio 2010\projects\q23\q23\q23.cpp(49): warning C4996: 'getch': The POSIX name for this item is deprecated. Instead, use the ISO C++ conformant name: _getch. See online help for details.
                 c:\program files (x86)\microsoft visual studio 10.0\vc\include\conio.h(128) : see declaration of 'getch'
       Link:
         C:\Program Files (x86)\Microsoft Visual Studio 10.0\VC\bin\link.exe /ERRORREPORT:PROMPT /OUT:"c:\users\hafizhamza\documents\visual studio 2010\Projects\Q23\Debug\Q23.exe" /NOLOGO kernel32.lib user32.lib gdi32.lib winspool.lib comdlg32.lib advapi32.lib shell32.lib ole32.lib oleaut32.lib uuid.lib odbc32.lib odbccp32.lib /MANIFEST /ManifestFile:"Debug\Q23.exe.intermediate.manifest" /MANIFESTUAC:"level='asInvoker' uiAccess='false'" /DEBUG /PDB:"c:\users\hafizhamza\documents\visual studio 2010\Projects\Q23\Debug\Q23.pdb" /TLBID:1 /DYNAMICBASE /NXCOMPAT /IMPLIB:"c:\users\hafizhamza\documents\visual studio 2010\Projects\Q23\Debug\Q23.lib" /MACHINE:X86 Debug\Q23.obj
         LINK : c:\users\hafizhamza\documents\visual studio 2010\Projects\Q23\Debug\Q23.exe not found or not built by the last incremental link; performing full link
         Q23.vcxproj -> c:\users\hafizhamza\documents\visual studio 2010\Projects\Q23\Debug\Q23.exe
       Manifest:
         C:\Program Files (x86)\Microsoft SDKs\Windows\v7.0A\bin\mt.exe /nologo /verbose /outputresource:"c:\users\hafizhamza\documents\visual studio 2010\Projects\Q23\Debug\Q23.exe;#1" /manifest Debug\Q23.exe.intermediate.manifest
       FinalizeBuildStatus:
         Deleting file "Debug\Q23.unsuccessfulbuild".
         Touching "Debug\Q23.lastbuildstate".
     1>Done Building Project "c:\Users\hafizhamza\documents\visual studio 2010\Projects\Q23\Q23\Q23.vcxproj" (build target(s)).

Build succeeded.

Time Elapsed 00:00:00.80
